
ROM used:   3390/4096 (83%)
            3390/4096 (83%) including unused fragments

            2.6 Average locations per line
            17.2 Average locations per statement

RAM used:   34/256 (13%) at main() level
            59/256 (23%) worst case

Stack used: 9 worst case (8 in main + 1 for interrupts)
Stack size: 31

Lines Stmts  %   Files
----- ----- ---  -----
  181   113  57  PIZ-II.c
  676     0   0  C:\Program Files\PICC\Devices\18f1220.h
  456    84  43  C:\Program Files\PICC\Drivers\lcd.c
----- -----
 1313   197 Total

Page ROM  %  RAM   Vol Diff  Functions:
---- --- --- ---   --- ----  ----------
0     40   1    1             @delay_ms1
0     72   1    3   596  5.9  lcd_read_byte
0     12   0    0    59  4.2  lcd_read_nibble
0     28   0    1   181  3.9  lcd_send_nibble
0     70   1    3   415  3.7  lcd_send_byte
0    126   2    6   770  7.2  lcd_init
0     34   1    4   208  6.3  lcd_gotoxy
0     80   1    1   354  4.7  lcd_putc
0     40   1    0   195  3.5  timer
0     26   0    0    96  2.9  Pitido
0    116   2    4    61  2.3  LeerADC
0     56   1    2             @ITOF
0    242   4   11             @MULFF
0    348   5   14             @DIVFF
0    308   5    0   768  4.3  Mostrar
0     18   0    0             @const649
0     32   0    2             @PSTRINGC_611
0     18   0    0             @const651
0     18   0    0             @const652
0     24   0    0             @const653
0     30   0    3             @PSTRINGCN_611
0     40   1    3             @DIV88
0    170   3    6             @PRINTF_D0_611
0     64   1    5             @FTOSD
0    142   2   13             @DIV3232
0    376   6   13             @PRINTF_L32D_611FPFPF
0     24   0    0             @const670
0    100   1    0   108  2.1  Exceso
0    120   2   10             @FLT
0     36   1    0             @const675
0     60   1    0    74  1.5  Pediluvio
0     30   0    0             @const677
0     56   1    1   212  3.7  Estado
0     18   0    0             @const679
0     46   1    1   134  3.1  Fin
0     18   0    0             @const681
0     20   0    0    73  1.7  PediluvioOperando
0    168   2    1   743  4.3  MAIN
0     18   0    0             @const686
 Inline         0             @cinit1

Program metrics:
    Functions               17
    Statements              197
    Comments                237
    Volume (V)              8652
    Difficulty (D)          62.7
    Effort to implement (E) 542721
    Time to implement (T)   8 hours, 23 minutes
    Est Delivered Bugs (B)  2
    Cyclomatic Complexity   23
    Maintainability (MI)    75

 Segment     Used  Free
-----------  ----  ----
00000-00002     4  0  
00004-00006     0  4  
00008-00094   142  0  
00096-00FFE  3244  702  



